Downloading/unpacking Image
  Getting page https://pypi.mirrors.ustc.edu.cn/simple/Image/
  Could not fetch URL https://pypi.mirrors.ustc.edu.cn/simple/Image/: 404 Client Error: Not Found
  Will skip URL https://pypi.mirrors.ustc.edu.cn/simple/Image/ when looking for download links for Image
  Getting page https://pypi.mirrors.ustc.edu.cn/simple/
  Real name of requirement Image is image
  URLs to search for versions for Image:
  * https://pypi.mirrors.ustc.edu.cn/simple/image/
  Getting page https://pypi.mirrors.ustc.edu.cn/simple/image/
  Analyzing links from page https://mirrors.ustc.edu.cn/pypi/web/simple/image/
    Found link https://mirrors.ustc.edu.cn/pypi/web/packages/06/10/354d72e3843d72400377cef64d312b46e7d292e275735bdbd97bf223f9c0/image-1.4.0.tar.gz#md5=2e2517b8d32f6821518a1822cba11810 (from https://mirrors.ustc.edu.cn/pypi/web/simple/image/), version: 1.4.0
    Found link https://mirrors.ustc.edu.cn/pypi/web/packages/07/0d/1672c15368e1970953ac5068f3da29ee2400114f1265f2087147e73d3e1b/image-1.3.5.tar.gz#md5=f065539476780dbc5e1e6fd71cc7d368 (from https://mirrors.ustc.edu.cn/pypi/web/simple/image/), version: 1.3.5
    Found link https://mirrors.ustc.edu.cn/pypi/web/packages/0c/ab/4210391d5a904c60d2720ab39064980b87bf188bf5676f0b7890371aad69/image-1.1.tar.gz#md5=b79fa55c655c4b5733c64b58354d1d9e (from https://mirrors.ustc.edu.cn/pypi/web/simple/image/), version: 1.1
    Found link https://mirrors.ustc.edu.cn/pypi/web/packages/14/d8/4f20f354e4e2de92162e48e4fa7157ee86a5b3a23528083794c74c1bf228/image-1.5.4.tar.gz#md5=eece354249a902398a39fac3ba3c2b37 (from https://mirrors.ustc.edu.cn/pypi/web/simple/image/), version: 1.5.4
    Found link https://mirrors.ustc.edu.cn/pypi/web/packages/16/b1/1a80c115d2475ba6cf662778c2e8dfb5d785fe56ab471531e81d811e016f/image-1.4.2.tar.gz#md5=8f374991b267030e99db3c5917f3f1a4 (from https://mirrors.ustc.edu.cn/pypi/web/simple/image/), version: 1.4.2
    Found link https://mirrors.ustc.edu.cn/pypi/web/packages/34/2b/7a313ed85fb44638756b582ea16e07a2682a83c2c9a26ed93b9bb22a395a/image-1.5.5.tar.gz#md5=b50ec96cfb583364edfbd676c6f62f02 (from https://mirrors.ustc.edu.cn/pypi/web/simple/image/), version: 1.5.5
    Found link https://mirrors.ustc.edu.cn/pypi/web/packages/3b/e6/8eaa79bb88b9092f2b6e84596e07e1d392b0bfced727eb5b0c933cec3065/image-1.3.2.tar.gz#md5=e04e33ebfacc97478bb48c3cd960453f (from https://mirrors.ustc.edu.cn/pypi/web/simple/image/), version: 1.3.2
    Found link https://mirrors.ustc.edu.cn/pypi/web/packages/52/32/5cd3da1e8a9b0c48e434280ba9be680a6cf46b2c5acfbfe5de25ae2f4a0e/image-1.3.7.tar.gz#md5=9d93ebb29bc5eebb9b991beab9392799 (from https://mirrors.ustc.edu.cn/pypi/web/simple/image/), version: 1.3.7
    Found link https://mirrors.ustc.edu.cn/pypi/web/packages/5e/48/cccb9852ddffb05eb11a1714387cdda0d27f50c6b4e38446948fc14da5cd/image-1.4.1.tar.gz#md5=9a82492f5516f6b810bcda65480393b1 (from https://mirrors.ustc.edu.cn/pypi/web/simple/image/), version: 1.4.1
    Found link https://mirrors.ustc.edu.cn/pypi/web/packages/5f/80/3801a3115469d84a9e7d2fad41829f90ae5c89ca0ed6936023712c54bb06/image-1.5.0.tar.gz#md5=1ac4ee63391154f25f5607532cbd01f5 (from https://mirrors.ustc.edu.cn/pypi/web/simple/image/), version: 1.5.0
    Found link https://mirrors.ustc.edu.cn/pypi/web/packages/72/58/d0d8bc1a6e2a4a358fd64b13c329432ef2c27fa4befd0a6a16773f931e7c/image-1.3.4.tar.gz#md5=44c77b417a19d0a4efb17338d0697955 (from https://mirrors.ustc.edu.cn/pypi/web/simple/image/), version: 1.3.4
    Found link https://mirrors.ustc.edu.cn/pypi/web/packages/73/1d/869b6768f646020fbdc3fd1178f3713f884bc1cbd7c4206084b4ae6f1df6/image-1.2.tar.gz#md5=289067d94acf61b63219d24bcde76303 (from https://mirrors.ustc.edu.cn/pypi/web/simple/image/), version: 1.2
    Found link https://mirrors.ustc.edu.cn/pypi/web/packages/7e/fc/0e1d75510414186a62f2c9804b29fe1d16dc2cdc8df7a0ca72ded56f0b85/image-1.5.3.tar.gz#md5=05064bff0970eab792431c01d6120af8 (from https://mirrors.ustc.edu.cn/pypi/web/simple/image/), version: 1.5.3
    Found link https://mirrors.ustc.edu.cn/pypi/web/packages/89/85/7d73d9a0d6d461b3f9eb0ecb9fbe91f6b7c33a3b0b77526a8fa1ad9705cd/image-1.5.2.tar.gz#md5=14a1bd8bcfbf24f3ed4d68939e2f2f40 (from https://mirrors.ustc.edu.cn/pypi/web/simple/image/), version: 1.5.2
    Found link https://mirrors.ustc.edu.cn/pypi/web/packages/98/b4/170ec357d3008a5c7d841a19ffa6c142b10d73caa3bf1095e713330049ab/image-1.4.4.tar.gz#md5=8a6315117b2e09f42e1f9dc32d050cff (from https://mirrors.ustc.edu.cn/pypi/web/simple/image/), version: 1.4.4
    Found link https://mirrors.ustc.edu.cn/pypi/web/packages/99/ad/e54e9b58573868a06c78e00f58bc5fd8f46b1555ab6dabc626cb10b883a5/image-1.4.3.tar.gz#md5=1036f49b125425302184950cd8b23522 (from https://mirrors.ustc.edu.cn/pypi/web/simple/image/), version: 1.4.3
    Found link https://mirrors.ustc.edu.cn/pypi/web/packages/a2/a6/a9d5a4ba907f5f40d9b245edd9aabf0c97eba7496fe3051bad09abbe9f5f/image-1.2.1.tar.gz#md5=55f746d9b86e576087449e7ee0d008f1 (from https://mirrors.ustc.edu.cn/pypi/web/simple/image/), version: 1.2.1
    Found link https://mirrors.ustc.edu.cn/pypi/web/packages/b3/63/04b7e472a45375bc8cdb519e025a8be940d8f9c2a3c23e9a87f078eba467/image-1.3.1.tar.gz#md5=a585b7d795f784ffc30ebffe596c2788 (from https://mirrors.ustc.edu.cn/pypi/web/simple/image/), version: 1.3.1
    Found link https://mirrors.ustc.edu.cn/pypi/web/packages/cf/63/a757572b819f6a6fafdf9c30b697a0f206eb0aebf8d4ca500df3a80f78ac/image-1.5.1.tar.gz#md5=dad889b5cb638e6a311f95d9b76434b3 (from https://mirrors.ustc.edu.cn/pypi/web/simple/image/), version: 1.5.1
    Found link https://mirrors.ustc.edu.cn/pypi/web/packages/d5/88/09d0998520fe40f5525a34772b1bfbce133f7e9971eac76c57d241c77dab/image-1.3.3.tar.gz#md5=a26cd2cfa5fca9e5551685ef4e22c13f (from https://mirrors.ustc.edu.cn/pypi/web/simple/image/), version: 1.3.3
    Found link https://mirrors.ustc.edu.cn/pypi/web/packages/e5/87/55b160425710d3d58e70e4905a0cb513a8a547fbe930434fd2cded663942/image-1.3.0.tar.gz#md5=854f488afd256e1c5c9e829752fb74cf (from https://mirrors.ustc.edu.cn/pypi/web/simple/image/), version: 1.3.0
    Found link https://mirrors.ustc.edu.cn/pypi/web/packages/ed/2e/cc1ad4cef98b88339817325aa8515d07a83bc5ceb670be1d2f6e76fcda41/image-1.3.6.tar.gz#md5=2e8058274c69499bea14161ba130de69 (from https://mirrors.ustc.edu.cn/pypi/web/simple/image/), version: 1.3.6
    Found link https://mirrors.ustc.edu.cn/pypi/web/packages/f9/5e/efb2ef28bd570e39613636a439359c5864e0d18e182b17b3da7302fe29ce/image-1.3.9.tar.gz#md5=27d46ec3d337107bb25b6dc94e3f2286 (from https://mirrors.ustc.edu.cn/pypi/web/simple/image/), version: 1.3.9
  Using version 1.5.5 (newest of versions: 1.5.5, 1.5.4, 1.5.3, 1.5.2, 1.5.1, 1.5.0, 1.4.4, 1.4.3, 1.4.2, 1.4.1, 1.4.0, 1.3.9, 1.3.7, 1.3.6, 1.3.5, 1.3.4, 1.3.3, 1.3.2, 1.3.1, 1.3.0, 1.2.1, 1.2, 1.1)
  Downloading image-1.5.5.tar.gz
  Downloading from URL https://mirrors.ustc.edu.cn/pypi/web/packages/34/2b/7a313ed85fb44638756b582ea16e07a2682a83c2c9a26ed93b9bb22a395a/image-1.5.5.tar.gz#md5=b50ec96cfb583364edfbd676c6f62f02 (from https://mirrors.ustc.edu.cn/pypi/web/simple/image/)
  Running setup.py (path:/tmp/pip-build-_OSuLd/Image/setup.py) egg_info for package Image
    running egg_info
    creating pip-egg-info/image.egg-info
    writing requirements to pip-egg-info/image.egg-info/requires.txt
    writing pip-egg-info/image.egg-info/PKG-INFO
    writing top-level names to pip-egg-info/image.egg-info/top_level.txt
    writing dependency_links to pip-egg-info/image.egg-info/dependency_links.txt
    writing manifest file 'pip-egg-info/image.egg-info/SOURCES.txt'
    warning: manifest_maker: standard file '-c' not found
    
    reading manifest file 'pip-egg-info/image.egg-info/SOURCES.txt'
    reading manifest template 'MANIFEST.in'
    warning: no files found matching '*.html' under directory 'image'
    warning: no files found matching '*.js' under directory 'image'
    warning: no files found matching '*.tff' under directory 'image'
    writing manifest file 'pip-egg-info/image.egg-info/SOURCES.txt'
  Source in /tmp/pip-build-_OSuLd/Image has version 1.5.5, which satisfies requirement Image
Requirement already satisfied (use --upgrade to upgrade): pillow in /usr/lib/python2.7/dist-packages (from Image)
Requirement already satisfied (use --upgrade to upgrade): django in /usr/local/lib/python2.7/dist-packages (from Image)
Installing collected packages: Image
  Running setup.py install for Image
    Running command /usr/bin/python -c "import setuptools, tokenize;__file__='/tmp/pip-build-_OSuLd/Image/setup.py';exec(compile(getattr(tokenize, 'open', open)(__file__).read().replace('\r\n', '\n'), __file__, 'exec'))" install --record /tmp/pip-61fTpn-record/install-record.txt --single-version-externally-managed --compile
    running install
    running build
    running build_py
    creating build
    creating build/lib.linux-x86_64-2.7
    creating build/lib.linux-x86_64-2.7/image
    copying image/models.py -> build/lib.linux-x86_64-2.7/image
    copying image/storage.py -> build/lib.linux-x86_64-2.7/image
    copying image/views.py -> build/lib.linux-x86_64-2.7/image
    copying image/apps.py -> build/lib.linux-x86_64-2.7/image
    copying image/__init__.py -> build/lib.linux-x86_64-2.7/image
    copying image/fields.py -> build/lib.linux-x86_64-2.7/image
    copying image/utils.py -> build/lib.linux-x86_64-2.7/image
    copying image/forms.py -> build/lib.linux-x86_64-2.7/image
    copying image/settings.py -> build/lib.linux-x86_64-2.7/image
    copying image/misc.py -> build/lib.linux-x86_64-2.7/image
    copying image/videothumbs.py -> build/lib.linux-x86_64-2.7/image
    copying image/urls.py -> build/lib.linux-x86_64-2.7/image
    copying image/video_field.py -> build/lib.linux-x86_64-2.7/image
    creating build/lib.linux-x86_64-2.7/image/templatetags
    copying image/templatetags/__init__.py -> build/lib.linux-x86_64-2.7/image/templatetags
    copying image/templatetags/img.py -> build/lib.linux-x86_64-2.7/image/templatetags
    running egg_info
    writing requirements to image.egg-info/requires.txt
    writing image.egg-info/PKG-INFO
    writing top-level names to image.egg-info/top_level.txt
    writing dependency_links to image.egg-info/dependency_links.txt
    warning: manifest_maker: standard file '-c' not found
    
    reading manifest file 'image.egg-info/SOURCES.txt'
    reading manifest template 'MANIFEST.in'
    warning: no files found matching '*.html' under directory 'image'
    warning: no files found matching '*.js' under directory 'image'
    warning: no files found matching '*.tff' under directory 'image'
    writing manifest file 'image.egg-info/SOURCES.txt'
    running install_lib
    creating /usr/local/lib/python2.7/dist-packages/image
    error: could not create '/usr/local/lib/python2.7/dist-packages/image': Permission denied
    Complete output from command /usr/bin/python -c "import setuptools, tokenize;__file__='/tmp/pip-build-_OSuLd/Image/setup.py';exec(compile(getattr(tokenize, 'open', open)(__file__).read().replace('\r\n', '\n'), __file__, 'exec'))" install --record /tmp/pip-61fTpn-record/install-record.txt --single-version-externally-managed --compile:
    running install

running build

running build_py

creating build

creating build/lib.linux-x86_64-2.7

creating build/lib.linux-x86_64-2.7/image

copying image/models.py -> build/lib.linux-x86_64-2.7/image

copying image/storage.py -> build/lib.linux-x86_64-2.7/image

copying image/views.py -> build/lib.linux-x86_64-2.7/image

copying image/apps.py -> build/lib.linux-x86_64-2.7/image

copying image/__init__.py -> build/lib.linux-x86_64-2.7/image

copying image/fields.py -> build/lib.linux-x86_64-2.7/image

copying image/utils.py -> build/lib.linux-x86_64-2.7/image

copying image/forms.py -> build/lib.linux-x86_64-2.7/image

copying image/settings.py -> build/lib.linux-x86_64-2.7/image

copying image/misc.py -> build/lib.linux-x86_64-2.7/image

copying image/videothumbs.py -> build/lib.linux-x86_64-2.7/image

copying image/urls.py -> build/lib.linux-x86_64-2.7/image

copying image/video_field.py -> build/lib.linux-x86_64-2.7/image

creating build/lib.linux-x86_64-2.7/image/templatetags

copying image/templatetags/__init__.py -> build/lib.linux-x86_64-2.7/image/templatetags

copying image/templatetags/img.py -> build/lib.linux-x86_64-2.7/image/templatetags

running egg_info

writing requirements to image.egg-info/requires.txt

writing image.egg-info/PKG-INFO

writing top-level names to image.egg-info/top_level.txt

writing dependency_links to image.egg-info/dependency_links.txt

warning: manifest_maker: standard file '-c' not found



reading manifest file 'image.egg-info/SOURCES.txt'

reading manifest template 'MANIFEST.in'

warning: no files found matching '*.html' under directory 'image'

warning: no files found matching '*.js' under directory 'image'

warning: no files found matching '*.tff' under directory 'image'

writing manifest file 'image.egg-info/SOURCES.txt'

running install_lib

creating /usr/local/lib/python2.7/dist-packages/image

error: could not create '/usr/local/lib/python2.7/dist-packages/image': Permission denied

----------------------------------------
Cleaning up...
Command /usr/bin/python -c "import setuptools, tokenize;__file__='/tmp/pip-build-_OSuLd/Image/setup.py';exec(compile(getattr(tokenize, 'open', open)(__file__).read().replace('\r\n', '\n'), __file__, 'exec'))" install --record /tmp/pip-61fTpn-record/install-record.txt --single-version-externally-managed --compile failed with error code 1 in /tmp/pip-build-_OSuLd/Image
Exception information:
Traceback (most recent call last):
  File "/usr/lib/python2.7/dist-packages/pip/basecommand.py", line 122, in main
    status = self.run(options, args)
  File "/usr/lib/python2.7/dist-packages/pip/commands/install.py", line 295, in run
    requirement_set.install(install_options, global_options, root=options.root_path)
  File "/usr/lib/python2.7/dist-packages/pip/req.py", line 1436, in install
    requirement.install(install_options, global_options, *args, **kwargs)
  File "/usr/lib/python2.7/dist-packages/pip/req.py", line 707, in install
    cwd=self.source_dir, filter_stdout=self._filter_install, show_stdout=False)
  File "/usr/lib/python2.7/dist-packages/pip/util.py", line 716, in call_subprocess
    % (command_desc, proc.returncode, cwd))
InstallationError: Command /usr/bin/python -c "import setuptools, tokenize;__file__='/tmp/pip-build-_OSuLd/Image/setup.py';exec(compile(getattr(tokenize, 'open', open)(__file__).read().replace('\r\n', '\n'), __file__, 'exec'))" install --record /tmp/pip-61fTpn-record/install-record.txt --single-version-externally-managed --compile failed with error code 1 in /tmp/pip-build-_OSuLd/Image
